=== 传递函数模型 (tf) ===
传递函数 G(s) = 20/(s^2+2s-3):

G_tf =
 
       20
  -------------
  s^2 + 2 s - 3
 
连续时间传递函数。
=== 零极点模型 (zpk) ===
零极点模型:

G_zpk =
 
      20
  -----------
  (s+3) (s-1)
 
连续时间零点/极点/增益模型。
=== 状态空间模型 (ss) ===
状态空间模型:

G_ss =
 
  A = 
        x1   x2
   x1   -2  1.5
   x2    2    0
 
  B = 
       u1
   x1   4
   x2   0
 
  C = 
        x1   x2
   y1    0  2.5
 
  D = 
       u1
   y1   0
 
连续时间状态空间模型。
=== 模型转换示例 ===
--- 1. tf2ss: 传递函数 -> 状态空间 ---
使用 tf2ss 得到的状态空间矩阵:
A =
    -2     3
     1     0

B =
     1
     0

C =
     0    20

D =
     0

